0 info it worked if it ends with ok
1 verbose cli [ '/Users/morejs/.nvm/versions/node/v4.5.0/bin/node',
1 verbose cli   '/Users/morejs/.nvm/versions/node/v4.5.0/bin/npm',
1 verbose cli   'run',
1 verbose cli   'i' ]
2 info using npm@2.15.9
3 info using node@v4.5.0
4 verbose run-script [ 'prei', 'i', 'posti' ]
5 info prei nativescript_demo_re_think@1.0.0
6 info i nativescript_demo_re_think@1.0.0
7 verbose unsafe-perm in lifecycle true
8 info nativescript_demo_re_think@1.0.0 Failed to exec i script
9 verbose stack Error: nativescript_demo_re_think@1.0.0 i: `tns livesync ios --emulator --watch`
9 verbose stack spawn ENOENT
9 verbose stack     at ChildProcess.<anonymous> (/Users/morejs/.nvm/versions/node/v4.5.0/lib/node_modules/npm/lib/utils/spawn.js:17:16)
9 verbose stack     at emitTwo (events.js:87:13)
9 verbose stack     at ChildProcess.emit (events.js:172:7)
9 verbose stack     at maybeClose (internal/child_process.js:829:16)
9 verbose stack     at Process.ChildProcess._handle.onexit (internal/child_process.js:211:5)
10 verbose pkgid nativescript_demo_re_think@1.0.0
11 verbose cwd /Users/morejs/workbench/github/NativeScript-Demo/ns_ng_demo
12 error Darwin 15.6.0
13 error argv "/Users/morejs/.nvm/versions/node/v4.5.0/bin/node" "/Users/morejs/.nvm/versions/node/v4.5.0/bin/npm" "run" "i"
14 error node v4.5.0
15 error npm  v2.15.9
16 error file sh
17 error code ELIFECYCLE
18 error errno ENOENT
19 error syscall spawn
20 error nativescript_demo_re_think@1.0.0 i: `tns livesync ios --emulator --watch`
20 error spawn ENOENT
21 error Failed at the nativescript_demo_re_think@1.0.0 i script 'tns livesync ios --emulator --watch'.
21 error This is most likely a problem with the nativescript_demo_re_think package,
21 error not with npm itself.
21 error Tell the author that this fails on your system:
21 error     tns livesync ios --emulator --watch
21 error You can get information on how to open an issue for this project with:
21 error     npm bugs nativescript_demo_re_think
21 error Or if that isn't available, you can get their info via:
21 error
21 error     npm owner ls nativescript_demo_re_think
21 error There is likely additional logging output above.
22 verbose exit [ 1, true ]
